2019-04-08 15:27:14,434 root         INFO     Page for trash  with id 1 was ready in 1.91 seconds
2019-04-08 15:27:17,651 root         INFO     Page for man  with id 2 was ready in 1.84 seconds
2019-04-08 15:27:20,758 root         INFO     Page for waiting_room  with id 3 was ready in 1.43 seconds
2019-04-08 15:27:25,531 root         INFO     Page for bank  with id 4 was ready in 1.90 seconds
2019-04-08 15:27:28,339 root         INFO     Page for woman  with id 5 was ready in 1.79 seconds
2019-04-08 15:27:30,351 root         INFO     Page for coat_check  with id 6 was ready in 0.85 seconds
2019-04-08 15:27:32,973 root         INFO     Page for downstairs  with id 7 was ready in 1.46 seconds
2019-04-08 15:27:35,704 root         INFO     Page for no_parking  with id 8 was ready in 1.76 seconds
2019-04-08 15:27:38,561 root         INFO     Page for stairs  with id 9 was ready in 1.92 seconds
2019-04-08 15:27:41,257 root         INFO     Page for ticket_purchase  with id 10 was ready in 1.76 seconds
2019-04-08 15:27:44,374 root         INFO     Page for hotel_information  with id 11 was ready in 2.04 seconds
2019-04-08 15:27:47,476 root         INFO     Page for baggage  with id 12 was ready in 1.75 seconds
2019-04-08 15:27:50,744 root         INFO     Page for customs  with id 13 was ready in 1.78 seconds
2019-04-08 15:27:54,518 root         INFO     Page for elevator  with id 14 was ready in 2.30 seconds
2019-04-08 15:27:57,397 root         INFO     Page for beauty_salon  with id 15 was ready in 1.73 seconds
2019-04-08 15:28:00,554 root         INFO     Page for coffee  with id 16 was ready in 1.82 seconds
2019-04-08 15:28:05,122 root         INFO     Page for haircut  with id 17 was ready in 3.37 seconds
2019-04-08 15:28:10,622 root         INFO     Page for lost_and_found  with id 18 was ready in 4.28 seconds
2019-04-08 15:28:14,295 root         INFO     Page for tunnel  with id 19 was ready in 1.27 seconds
2019-04-08 15:28:17,225 root         INFO     Page for exit  with id 20 was ready in 1.54 seconds
2019-04-08 15:28:19,693 root         INFO     Page for bar  with id 21 was ready in 1.46 seconds
2019-04-08 15:28:22,888 root         INFO     Page for information  with id 22 was ready in 1.82 seconds
2019-04-08 15:28:27,641 root         INFO     Page for locker  with id 23 was ready in 3.54 seconds
2019-04-08 15:28:33,109 root         INFO     Page for restaurant  with id 24 was ready in 2.60 seconds
2019-04-08 15:28:35,975 root         INFO     Page for rowboat  with id 25 was ready in 0.81 seconds
2019-04-08 15:28:40,682 root         INFO     Page for fire_extinguisher  with id 26 was ready in 3.65 seconds
2019-04-08 15:28:43,635 root         INFO     Page for parking  with id 27 was ready in 0.77 seconds
2019-04-08 15:28:47,289 root         INFO     Page for shops  with id 28 was ready in 1.77 seconds
2019-04-08 15:28:51,128 root         INFO     Page for drinking_fountain  with id 29 was ready in 2.15 seconds
2019-04-08 15:28:56,611 root         INFO     Page for barber_shop  with id 30 was ready in 1.74 seconds
2019-04-08 15:28:59,571 root         INFO     Page for immigration  with id 31 was ready in 1.20 seconds
2019-04-08 15:29:02,856 root         INFO     Page for hospital  with id 32 was ready in 1.78 seconds
2019-04-08 15:29:06,257 root         INFO     Page for restaurant  with id 33 was ready in 2.02 seconds
2019-04-08 15:29:13,460 root         INFO     Page for arrow  with id 34 was ready in 2.77 seconds
2019-04-08 15:29:16,165 root         INFO     Page for arrow  with id 35 was ready in 1.47 seconds
2019-04-08 15:29:19,625 root         INFO     Page for arrow  with id 36 was ready in 1.82 seconds
2019-04-08 15:29:22,689 root         INFO     Page for arrow  with id 37 was ready in 2.15 seconds
2019-04-08 15:29:25,926 root         INFO     Page for arrow  with id 38 was ready in 1.60 seconds
2019-04-08 15:29:29,017 root         INFO     Page for arrow  with id 39 was ready in 2.02 seconds
2019-04-08 15:29:32,193 root         INFO     Page for arrow  with id 40 was ready in 2.04 seconds
2019-04-08 15:29:35,773 root         INFO     Page for arrow  with id 41 was ready in 1.65 seconds
2019-04-08 15:29:38,875 root         INFO     Page for no_entry  with id 42 was ready in 1.52 seconds
2019-04-08 15:29:42,377 root         INFO     Page for seal  with id 43 was ready in 0.78 seconds
2019-04-08 15:29:45,938 root         INFO     Page for ranger_station  with id 44 was ready in 2.49 seconds
2019-04-08 15:29:49,552 root         INFO     Page for information  with id 45 was ready in 1.92 seconds
2019-04-08 15:29:52,634 root         INFO     Page for hotel  with id 46 was ready in 1.38 seconds
2019-04-08 15:29:55,762 root         INFO     Page for baby  with id 47 was ready in 1.59 seconds
2019-04-08 15:29:58,803 root         INFO     Page for escalator  with id 48 was ready in 1.58 seconds
2019-04-08 15:30:02,595 root         INFO     Page for arriving_flights  with id 49 was ready in 2.28 seconds
2019-04-08 15:30:05,742 root         INFO     Page for unisex  with id 50 was ready in 1.27 seconds
2019-04-08 15:30:08,366 root         INFO     Page for shower  with id 51 was ready in 1.23 seconds
2019-04-08 15:30:11,241 root         INFO     Page for store_right_up  with id 52 was ready in 1.45 seconds
2019-04-08 15:30:13,905 root         INFO     Page for motorcycle  with id 53 was ready in 1.38 seconds
2019-04-08 15:30:17,108 root         INFO     Page for bicycle  with id 54 was ready in 1.62 seconds
2019-04-08 15:30:20,381 root         INFO     Page for store_right_up  with id 55 was ready in 1.33 seconds
2019-04-08 15:30:23,511 root         INFO     Page for recyclable  with id 56 was ready in 1.22 seconds
2019-04-08 15:30:26,205 root         INFO     Page for jeep  with id 57 was ready in 1.08 seconds
2019-04-08 15:30:29,199 root         INFO     Page for anchor  with id 58 was ready in 1.40 seconds
2019-04-08 15:30:32,281 root         INFO     Page for ground_transportation  with id 59 was ready in 1.87 seconds
2019-04-08 15:30:35,711 root         INFO     Page for recycle  with id 60 was ready in 1.26 seconds
2019-04-08 15:30:39,288 root         INFO     Page for bus  with id 61 was ready in 2.48 seconds
2019-04-08 15:30:42,245 root         INFO     Page for anchor  with id 62 was ready in 1.56 seconds
2019-04-08 15:30:45,779 root         INFO     Page for helicopter  with id 63 was ready in 2.27 seconds
2019-04-08 15:30:48,901 root         INFO     Page for snow  with id 64 was ready in 2.03 seconds
2019-04-08 15:30:51,338 root         INFO     Page for command  with id 65 was ready in 1.07 seconds
2019-04-08 15:30:53,908 root         INFO     Page for parking  with id 66 was ready in 1.08 seconds
2019-04-08 15:30:58,030 root         INFO     Page for train  with id 67 was ready in 1.82 seconds
2019-04-08 15:31:00,746 root         INFO     Page for train  with id 68 was ready in 1.76 seconds
