1554724694965	mozrunner::runner	INFO	Running command: "/usr/bin/firefox" "-marionette" "-foreground" "-no-remote" "-profile" "/tmp/rust_mozprofile.iMlnM1F0Twz3"
1554724695287	addons.webextension.screenshots@mozilla.org	WARN	Loading extension 'screenshots@mozilla.org': Reading manifest: Invalid extension permission: mozillaAddons
1554724695288	addons.webextension.screenshots@mozilla.org	WARN	Loading extension 'screenshots@mozilla.org': Reading manifest: Invalid extension permission: resource://pdf.js/
1554724695288	addons.webextension.screenshots@mozilla.org	WARN	Loading extension 'screenshots@mozilla.org': Reading manifest: Invalid extension permission: about:reader*
1554724696575	Marionette	INFO	Listening on port 39885
1554724696674	Marionette	WARN	TLS certificate errors will be ignored for this session
[Parent 5192, Gecko_IOThread] WARNING: pipe error (71): Connection reset by peer: file /build/firefox-jjM0Oy/firefox-66.0.2+build1/ipc/chromium/src/chrome/common/ipc_channel_posix.cc, line 357
[Parent 5192, Gecko_IOThread] WARNING: pipe error (89): Connection reset by peer: file /build/firefox-jjM0Oy/firefox-66.0.2+build1/ipc/chromium/src/chrome/common/ipc_channel_posix.cc, line 357
1554724709042	Marionette	INFO	Stopped listening on port 39885
1554724751010	mozrunner::runner	INFO	Running command: "/usr/bin/firefox" "-marionette" "-headless" "-foreground" "-no-remote" "-profile" "/tmp/rust_mozprofile.H2od1M5xNdtD"
*** You are running in headless mode.
1554724751303	addons.webextension.screenshots@mozilla.org	WARN	Loading extension 'screenshots@mozilla.org': Reading manifest: Invalid extension permission: mozillaAddons
1554724751304	addons.webextension.screenshots@mozilla.org	WARN	Loading extension 'screenshots@mozilla.org': Reading manifest: Invalid extension permission: resource://pdf.js/
1554724751304	addons.webextension.screenshots@mozilla.org	WARN	Loading extension 'screenshots@mozilla.org': Reading manifest: Invalid extension permission: about:reader*
1554724752557	Marionette	INFO	Listening on port 44911
1554724752623	Marionette	WARN	TLS certificate errors will be ignored for this session
1554724753645	Marionette	INFO	Stopped listening on port 44911
[Parent 5527, Gecko_IOThread] WARNING: pipe error (73): Connection reset by peer: file /build/firefox-jjM0Oy/firefox-66.0.2+build1/ipc/chromium/src/chrome/common/ipc_channel_posix.cc, line 357
1554724839304	mozrunner::runner	INFO	Running command: "/usr/bin/firefox" "-marionette" "-headless" "-foreground" "-no-remote" "-profile" "/tmp/rust_mozprofile.NtEdB4Co2MoT"
*** You are running in headless mode.
1554724839588	addons.webextension.screenshots@mozilla.org	WARN	Loading extension 'screenshots@mozilla.org': Reading manifest: Invalid extension permission: mozillaAddons
1554724839588	addons.webextension.screenshots@mozilla.org	WARN	Loading extension 'screenshots@mozilla.org': Reading manifest: Invalid extension permission: resource://pdf.js/
1554724839588	addons.webextension.screenshots@mozilla.org	WARN	Loading extension 'screenshots@mozilla.org': Reading manifest: Invalid extension permission: about:reader*
1554724840708	Marionette	INFO	Listening on port 39749
1554724840824	Marionette	WARN	TLS certificate errors will be ignored for this session
1554724844054	Marionette	INFO	Stopped listening on port 39749
[Parent 5860, Gecko_IOThread] WARNING: pipe error (73): Connection reset by peer: file /build/firefox-jjM0Oy/firefox-66.0.2+build1/ipc/chromium/src/chrome/common/ipc_channel_posix.cc, line 357
[Parent 5860, Gecko_IOThread] WARNING: pipe error (91): Connection reset by peer: file /build/firefox-jjM0Oy/firefox-66.0.2+build1/ipc/chromium/src/chrome/common/ipc_channel_posix.cc, line 357
1554725079769	mozrunner::runner	INFO	Running command: "/usr/bin/firefox" "-marionette" "-headless" "-foreground" "-no-remote" "-profile" "/tmp/rust_mozprofile.v1pQb0HNRbK3"
*** You are running in headless mode.
1554725080079	addons.webextension.screenshots@mozilla.org	WARN	Loading extension 'screenshots@mozilla.org': Reading manifest: Invalid extension permission: mozillaAddons
1554725080079	addons.webextension.screenshots@mozilla.org	WARN	Loading extension 'screenshots@mozilla.org': Reading manifest: Invalid extension permission: resource://pdf.js/
1554725080080	addons.webextension.screenshots@mozilla.org	WARN	Loading extension 'screenshots@mozilla.org': Reading manifest: Invalid extension permission: about:reader*
1554725081364	Marionette	INFO	Listening on port 45387
1554725081390	Marionette	WARN	TLS certificate errors will be ignored for this session
1554725099170	mozrunner::runner	INFO	Running command: "/usr/bin/firefox" "-marionette" "-headless" "-foreground" "-no-remote" "-profile" "/tmp/rust_mozprofile.6MgIPj8l5FVE"
*** You are running in headless mode.
1554725099456	addons.webextension.screenshots@mozilla.org	WARN	Loading extension 'screenshots@mozilla.org': Reading manifest: Invalid extension permission: mozillaAddons
1554725099457	addons.webextension.screenshots@mozilla.org	WARN	Loading extension 'screenshots@mozilla.org': Reading manifest: Invalid extension permission: resource://pdf.js/
1554725099457	addons.webextension.screenshots@mozilla.org	WARN	Loading extension 'screenshots@mozilla.org': Reading manifest: Invalid extension permission: about:reader*
1554725100755	Marionette	INFO	Listening on port 43929
1554725100783	Marionette	WARN	TLS certificate errors will be ignored for this session
console.error: BroadcastService: 
  receivedBroadcastMessage: handler for
  remote-settings/monitor_changes
  threw error:
  Message: Error: Polling for changes failed: NetworkError when attempting to fetch resource..
  Stack:
    remoteSettingsFunction/remoteSettings.pollChanges@resource://services-settings/remote-settings.js:190:13

1554725120821	mozrunner::runner	INFO	Running command: "/usr/bin/firefox" "-marionette" "-headless" "-foreground" "-no-remote" "-profile" "/tmp/rust_mozprofile.dmFs3a49IlMu"
*** You are running in headless mode.
1554725121106	addons.webextension.screenshots@mozilla.org	WARN	Loading extension 'screenshots@mozilla.org': Reading manifest: Invalid extension permission: mozillaAddons
1554725121106	addons.webextension.screenshots@mozilla.org	WARN	Loading extension 'screenshots@mozilla.org': Reading manifest: Invalid extension permission: resource://pdf.js/
1554725121106	addons.webextension.screenshots@mozilla.org	WARN	Loading extension 'screenshots@mozilla.org': Reading manifest: Invalid extension permission: about:reader*
console.error: BroadcastService: 
  receivedBroadcastMessage: handler for
  remote-settings/monitor_changes
  threw error:
  Message: Error: Polling for changes failed: NetworkError when attempting to fetch resource..
  Stack:
    remoteSettingsFunction/remoteSettings.pollChanges@resource://services-settings/remote-settings.js:190:13

1554725122265	Marionette	INFO	Listening on port 35027
1554725122332	Marionette	WARN	TLS certificate errors will be ignored for this session
console.error: BroadcastService: 
  receivedBroadcastMessage: handler for
  remote-settings/monitor_changes
  threw error:
  Message: Error: Polling for changes failed: NetworkError when attempting to fetch resource..
  Stack:
    remoteSettingsFunction/remoteSettings.pollChanges@resource://services-settings/remote-settings.js:190:13

1554725171203	mozrunner::runner	INFO	Running command: "/usr/bin/firefox" "-marionette" "-headless" "-foreground" "-no-remote" "-profile" "/tmp/rust_mozprofile.offaUziZjwCz"
*** You are running in headless mode.
1554725171509	addons.webextension.screenshots@mozilla.org	WARN	Loading extension 'screenshots@mozilla.org': Reading manifest: Invalid extension permission: mozillaAddons
1554725171509	addons.webextension.screenshots@mozilla.org	WARN	Loading extension 'screenshots@mozilla.org': Reading manifest: Invalid extension permission: resource://pdf.js/
1554725171509	addons.webextension.screenshots@mozilla.org	WARN	Loading extension 'screenshots@mozilla.org': Reading manifest: Invalid extension permission: about:reader*
1554725172734	Marionette	INFO	Listening on port 43079
1554725172812	Marionette	WARN	TLS certificate errors will be ignored for this session
1554725176582	Marionette	INFO	Stopped listening on port 43079
[Parent 7383, Gecko_IOThread] WARNING: pipe error (73): Connection reset by peer: file /build/firefox-jjM0Oy/firefox-66.0.2+build1/ipc/chromium/src/chrome/common/ipc_channel_posix.cc, line 357
1554725637262	mozrunner::runner	INFO	Running command: "/usr/bin/firefox" "-marionette" "-headless" "-foreground" "-no-remote" "-profile" "/tmp/rust_mozprofile.BfYd3pdtxZh8"
*** You are running in headless mode.
1554725637559	addons.webextension.screenshots@mozilla.org	WARN	Loading extension 'screenshots@mozilla.org': Reading manifest: Invalid extension permission: mozillaAddons
1554725637560	addons.webextension.screenshots@mozilla.org	WARN	Loading extension 'screenshots@mozilla.org': Reading manifest: Invalid extension permission: resource://pdf.js/
1554725637560	addons.webextension.screenshots@mozilla.org	WARN	Loading extension 'screenshots@mozilla.org': Reading manifest: Invalid extension permission: about:reader*
1554725638809	Marionette	INFO	Listening on port 34131
1554725638875	Marionette	WARN	TLS certificate errors will be ignored for this session
1554725655803	mozrunner::runner	INFO	Running command: "/usr/bin/firefox" "-marionette" "-headless" "-foreground" "-no-remote" "-profile" "/tmp/rust_mozprofile.jkdhtpIwxBP6"
*** You are running in headless mode.
1554725656108	addons.webextension.screenshots@mozilla.org	WARN	Loading extension 'screenshots@mozilla.org': Reading manifest: Invalid extension permission: mozillaAddons
1554725656109	addons.webextension.screenshots@mozilla.org	WARN	Loading extension 'screenshots@mozilla.org': Reading manifest: Invalid extension permission: resource://pdf.js/
1554725656109	addons.webextension.screenshots@mozilla.org	WARN	Loading extension 'screenshots@mozilla.org': Reading manifest: Invalid extension permission: about:reader*
1554725657351	Marionette	INFO	Listening on port 44933
1554725657419	Marionette	WARN	TLS certificate errors will be ignored for this session
console.error: BroadcastService: 
  receivedBroadcastMessage: handler for
  remote-settings/monitor_changes
  threw error:
  Message: Error: Polling for changes failed: NetworkError when attempting to fetch resource..
  Stack:
    remoteSettingsFunction/remoteSettings.pollChanges@resource://services-settings/remote-settings.js:190:13

console.error: BroadcastService: 
  receivedBroadcastMessage: handler for
  remote-settings/monitor_changes
  threw error:
  Message: Error: Polling for changes failed: NetworkError when attempting to fetch resource..
  Stack:
    remoteSettingsFunction/remoteSettings.pollChanges@resource://services-settings/remote-settings.js:190:13

1554725786365	mozrunner::runner	INFO	Running command: "/usr/bin/firefox" "-marionette" "-headless" "-foreground" "-no-remote" "-profile" "/tmp/rust_mozprofile.kXkGPm6JvZbk"
*** You are running in headless mode.
1554725786654	addons.webextension.screenshots@mozilla.org	WARN	Loading extension 'screenshots@mozilla.org': Reading manifest: Invalid extension permission: mozillaAddons
1554725786654	addons.webextension.screenshots@mozilla.org	WARN	Loading extension 'screenshots@mozilla.org': Reading manifest: Invalid extension permission: resource://pdf.js/
1554725786654	addons.webextension.screenshots@mozilla.org	WARN	Loading extension 'screenshots@mozilla.org': Reading manifest: Invalid extension permission: about:reader*
1554725787889	Marionette	INFO	Listening on port 35733
1554725788007	Marionette	WARN	TLS certificate errors will be ignored for this session
1554725796502	Marionette	INFO	Stopped listening on port 35733
[Parent 8575, Gecko_IOThread] WARNING: pipe error (73): Connection reset by peer: file /build/firefox-jjM0Oy/firefox-66.0.2+build1/ipc/chromium/src/chrome/common/ipc_channel_posix.cc, line 357
1554725828908	mozrunner::runner	INFO	Running command: "/usr/bin/firefox" "-marionette" "-headless" "-foreground" "-no-remote" "-profile" "/tmp/rust_mozprofile.MQPVcrLrhSCC"
*** You are running in headless mode.
1554725829228	addons.webextension.screenshots@mozilla.org	WARN	Loading extension 'screenshots@mozilla.org': Reading manifest: Invalid extension permission: mozillaAddons
1554725829228	addons.webextension.screenshots@mozilla.org	WARN	Loading extension 'screenshots@mozilla.org': Reading manifest: Invalid extension permission: resource://pdf.js/
1554725829228	addons.webextension.screenshots@mozilla.org	WARN	Loading extension 'screenshots@mozilla.org': Reading manifest: Invalid extension permission: about:reader*
1554725830554	Marionette	INFO	Listening on port 34593
1554725830623	Marionette	WARN	TLS certificate errors will be ignored for this session
1554725837935	Marionette	INFO	Stopped listening on port 34593
[Parent 8876, Gecko_IOThread] WARNING: pipe error (73): Connection reset by peer: file /build/firefox-jjM0Oy/firefox-66.0.2+build1/ipc/chromium/src/chrome/common/ipc_channel_posix.cc, line 357
1554725956927	mozrunner::runner	INFO	Running command: "/usr/bin/firefox" "-marionette" "-headless" "-foreground" "-no-remote" "-profile" "/tmp/rust_mozprofile.rJq7oBN5QESB"
*** You are running in headless mode.
1554725957233	addons.webextension.screenshots@mozilla.org	WARN	Loading extension 'screenshots@mozilla.org': Reading manifest: Invalid extension permission: mozillaAddons
1554725957233	addons.webextension.screenshots@mozilla.org	WARN	Loading extension 'screenshots@mozilla.org': Reading manifest: Invalid extension permission: resource://pdf.js/
1554725957233	addons.webextension.screenshots@mozilla.org	WARN	Loading extension 'screenshots@mozilla.org': Reading manifest: Invalid extension permission: about:reader*
1554725958461	Marionette	INFO	Listening on port 44511
1554725958549	Marionette	WARN	TLS certificate errors will be ignored for this session
1554725965795	Marionette	INFO	Stopped listening on port 44511
[Parent 9270, Gecko_IOThread] WARNING: pipe error (73): Connection reset by peer: file /build/firefox-jjM0Oy/firefox-66.0.2+build1/ipc/chromium/src/chrome/common/ipc_channel_posix.cc, line 357
1554726145789	mozrunner::runner	INFO	Running command: "/usr/bin/firefox" "-marionette" "-headless" "-foreground" "-no-remote" "-profile" "/tmp/rust_mozprofile.flPm888a5TYC"
*** You are running in headless mode.
1554726146075	addons.webextension.screenshots@mozilla.org	WARN	Loading extension 'screenshots@mozilla.org': Reading manifest: Invalid extension permission: mozillaAddons
1554726146076	addons.webextension.screenshots@mozilla.org	WARN	Loading extension 'screenshots@mozilla.org': Reading manifest: Invalid extension permission: resource://pdf.js/
1554726146076	addons.webextension.screenshots@mozilla.org	WARN	Loading extension 'screenshots@mozilla.org': Reading manifest: Invalid extension permission: about:reader*
1554726147291	Marionette	INFO	Listening on port 45673
1554726147301	Marionette	WARN	TLS certificate errors will be ignored for this session
1554726154925	Marionette	INFO	Stopped listening on port 45673
[Parent 9795, Gecko_IOThread] WARNING: pipe error (73): Connection reset by peer: file /build/firefox-jjM0Oy/firefox-66.0.2+build1/ipc/chromium/src/chrome/common/ipc_channel_posix.cc, line 357
1554726500763	mozrunner::runner	INFO	Running command: "/usr/bin/firefox" "-marionette" "-headless" "-foreground" "-no-remote" "-profile" "/tmp/rust_mozprofile.NMhVl2a4pTD8"
*** You are running in headless mode.
1554726501051	addons.webextension.screenshots@mozilla.org	WARN	Loading extension 'screenshots@mozilla.org': Reading manifest: Invalid extension permission: mozillaAddons
1554726501051	addons.webextension.screenshots@mozilla.org	WARN	Loading extension 'screenshots@mozilla.org': Reading manifest: Invalid extension permission: resource://pdf.js/
1554726501051	addons.webextension.screenshots@mozilla.org	WARN	Loading extension 'screenshots@mozilla.org': Reading manifest: Invalid extension permission: about:reader*
1554726502270	Marionette	INFO	Listening on port 41675
1554726502387	Marionette	WARN	TLS certificate errors will be ignored for this session
1554726507586	Marionette	INFO	Stopped listening on port 41675
[Parent 10375, Gecko_IOThread] WARNING: pipe error (73): Connection reset by peer: file /build/firefox-jjM0Oy/firefox-66.0.2+build1/ipc/chromium/src/chrome/common/ipc_channel_posix.cc, line 357
JavaScript error: resource://gre/modules/WebProgressChild.jsm, line 61: TypeError: this.mm.content is null
[Parent 10375, Gecko_IOThread] WARNING: pipe error (116): Connection reset by peer: file /build/firefox-jjM0Oy/firefox-66.0.2+build1/ipc/chromium/src/chrome/common/ipc_channel_posix.cc, line 357
1554726665021	mozrunner::runner	INFO	Running command: "/usr/bin/firefox" "-marionette" "-headless" "-foreground" "-no-remote" "-profile" "/tmp/rust_mozprofile.FIzO0qSxSGRS"
*** You are running in headless mode.
1554726665325	addons.webextension.screenshots@mozilla.org	WARN	Loading extension 'screenshots@mozilla.org': Reading manifest: Invalid extension permission: mozillaAddons
1554726665325	addons.webextension.screenshots@mozilla.org	WARN	Loading extension 'screenshots@mozilla.org': Reading manifest: Invalid extension permission: resource://pdf.js/
1554726665325	addons.webextension.screenshots@mozilla.org	WARN	Loading extension 'screenshots@mozilla.org': Reading manifest: Invalid extension permission: about:reader*
1554726666513	Marionette	INFO	Listening on port 46109
1554726666537	Marionette	WARN	TLS certificate errors will be ignored for this session
1554726673420	Marionette	INFO	Stopped listening on port 46109
[Parent 10743, Gecko_IOThread] WARNING: pipe error (75): Connection reset by peer: file /build/firefox-jjM0Oy/firefox-66.0.2+build1/ipc/chromium/src/chrome/common/ipc_channel_posix.cc, line 357
1554726690824	mozrunner::runner	INFO	Running command: "/usr/bin/firefox" "-marionette" "-headless" "-foreground" "-no-remote" "-profile" "/tmp/rust_mozprofile.wgWKAFKu3pMq"
*** You are running in headless mode.
1554726691113	addons.webextension.screenshots@mozilla.org	WARN	Loading extension 'screenshots@mozilla.org': Reading manifest: Invalid extension permission: mozillaAddons
1554726691114	addons.webextension.screenshots@mozilla.org	WARN	Loading extension 'screenshots@mozilla.org': Reading manifest: Invalid extension permission: resource://pdf.js/
1554726691114	addons.webextension.screenshots@mozilla.org	WARN	Loading extension 'screenshots@mozilla.org': Reading manifest: Invalid extension permission: about:reader*
1554726692271	Marionette	INFO	Listening on port 36629
1554726692334	Marionette	WARN	TLS certificate errors will be ignored for this session
1554726700728	Marionette	INFO	Stopped listening on port 36629
[Parent 11041, Gecko_IOThread] WARNING: pipe error (73): Connection reset by peer: file /build/firefox-jjM0Oy/firefox-66.0.2+build1/ipc/chromium/src/chrome/common/ipc_channel_posix.cc, line 357
1554727017492	mozrunner::runner	INFO	Running command: "/usr/bin/firefox" "-marionette" "-headless" "-foreground" "-no-remote" "-profile" "/tmp/rust_mozprofile.gWoS921bhO5V"
*** You are running in headless mode.
1554727017779	addons.webextension.screenshots@mozilla.org	WARN	Loading extension 'screenshots@mozilla.org': Reading manifest: Invalid extension permission: mozillaAddons
1554727017780	addons.webextension.screenshots@mozilla.org	WARN	Loading extension 'screenshots@mozilla.org': Reading manifest: Invalid extension permission: resource://pdf.js/
1554727017780	addons.webextension.screenshots@mozilla.org	WARN	Loading extension 'screenshots@mozilla.org': Reading manifest: Invalid extension permission: about:reader*
1554727018967	Marionette	INFO	Listening on port 39797
1554727018997	Marionette	WARN	TLS certificate errors will be ignored for this session
1554727024619	Marionette	INFO	Stopped listening on port 39797
[Parent 11496, Gecko_IOThread] WARNING: pipe error (73): Connection reset by peer: file /build/firefox-jjM0Oy/firefox-66.0.2+build1/ipc/chromium/src/chrome/common/ipc_channel_posix.cc, line 357
[Parent 11496, Gecko_IOThread] WARNING: pipe error (91): Connection reset by peer: file /build/firefox-jjM0Oy/firefox-66.0.2+build1/ipc/chromium/src/chrome/common/ipc_channel_posix.cc, line 357
1554727140115	mozrunner::runner	INFO	Running command: "/usr/bin/firefox" "-marionette" "-headless" "-foreground" "-no-remote" "-profile" "/tmp/rust_mozprofile.mIDbBDichAuc"
*** You are running in headless mode.
1554727140402	addons.webextension.screenshots@mozilla.org	WARN	Loading extension 'screenshots@mozilla.org': Reading manifest: Invalid extension permission: mozillaAddons
1554727140402	addons.webextension.screenshots@mozilla.org	WARN	Loading extension 'screenshots@mozilla.org': Reading manifest: Invalid extension permission: resource://pdf.js/
1554727140402	addons.webextension.screenshots@mozilla.org	WARN	Loading extension 'screenshots@mozilla.org': Reading manifest: Invalid extension permission: about:reader*
1554727141561	Marionette	INFO	Listening on port 41187
1554727141631	Marionette	WARN	TLS certificate errors will be ignored for this session
1554727149774	Marionette	INFO	Stopped listening on port 41187
[Parent 11805, Gecko_IOThread] WARNING: pipe error (73): Connection reset by peer: file /build/firefox-jjM0Oy/firefox-66.0.2+build1/ipc/chromium/src/chrome/common/ipc_channel_posix.cc, line 357
1554727289629	mozrunner::runner	INFO	Running command: "/usr/bin/firefox" "-marionette" "-headless" "-foreground" "-no-remote" "-profile" "/tmp/rust_mozprofile.30s4jSVbMoK9"
*** You are running in headless mode.
1554727289913	addons.webextension.screenshots@mozilla.org	WARN	Loading extension 'screenshots@mozilla.org': Reading manifest: Invalid extension permission: mozillaAddons
1554727289914	addons.webextension.screenshots@mozilla.org	WARN	Loading extension 'screenshots@mozilla.org': Reading manifest: Invalid extension permission: resource://pdf.js/
1554727289914	addons.webextension.screenshots@mozilla.org	WARN	Loading extension 'screenshots@mozilla.org': Reading manifest: Invalid extension permission: about:reader*
1554727291129	Marionette	INFO	Listening on port 46217
1554727291154	Marionette	WARN	TLS certificate errors will be ignored for this session
1554727296267	Marionette	INFO	Stopped listening on port 46217
[Parent 12214, Gecko_IOThread] WARNING: pipe error (73): Connection reset by peer: file /build/firefox-jjM0Oy/firefox-66.0.2+build1/ipc/chromium/src/chrome/common/ipc_channel_posix.cc, line 357
1554727435735	mozrunner::runner	INFO	Running command: "/usr/bin/firefox" "-marionette" "-headless" "-foreground" "-no-remote" "-profile" "/tmp/rust_mozprofile.7s3aY9Wr9Rit"
*** You are running in headless mode.
1554727436024	addons.webextension.screenshots@mozilla.org	WARN	Loading extension 'screenshots@mozilla.org': Reading manifest: Invalid extension permission: mozillaAddons
1554727436025	addons.webextension.screenshots@mozilla.org	WARN	Loading extension 'screenshots@mozilla.org': Reading manifest: Invalid extension permission: resource://pdf.js/
1554727436025	addons.webextension.screenshots@mozilla.org	WARN	Loading extension 'screenshots@mozilla.org': Reading manifest: Invalid extension permission: about:reader*
1554727437206	Marionette	INFO	Listening on port 33893
1554727437240	Marionette	WARN	TLS certificate errors will be ignored for this session
1554727442527	Marionette	INFO	Stopped listening on port 33893
[Parent 12570, Gecko_IOThread] WARNING: pipe error (73): Connection reset by peer: file /build/firefox-jjM0Oy/firefox-66.0.2+build1/ipc/chromium/src/chrome/common/ipc_channel_posix.cc, line 357
1554727805330	mozrunner::runner	INFO	Running command: "/usr/bin/firefox" "-marionette" "-headless" "-foreground" "-no-remote" "-profile" "/tmp/rust_mozprofile.ydPcEqj1Kvfc"
*** You are running in headless mode.
1554727805620	addons.webextension.screenshots@mozilla.org	WARN	Loading extension 'screenshots@mozilla.org': Reading manifest: Invalid extension permission: mozillaAddons
1554727805620	addons.webextension.screenshots@mozilla.org	WARN	Loading extension 'screenshots@mozilla.org': Reading manifest: Invalid extension permission: resource://pdf.js/
1554727805621	addons.webextension.screenshots@mozilla.org	WARN	Loading extension 'screenshots@mozilla.org': Reading manifest: Invalid extension permission: about:reader*
1554727806892	Marionette	INFO	Listening on port 33699
1554727806954	Marionette	WARN	TLS certificate errors will be ignored for this session
1554727813247	Marionette	INFO	Stopped listening on port 33699
[Parent 13123, Gecko_IOThread] WARNING: pipe error (73): Connection reset by peer: file /build/firefox-jjM0Oy/firefox-66.0.2+build1/ipc/chromium/src/chrome/common/ipc_channel_posix.cc, line 357
1554727908786	mozrunner::runner	INFO	Running command: "/usr/bin/firefox" "-marionette" "-headless" "-foreground" "-no-remote" "-profile" "/tmp/rust_mozprofile.fI3h5fQCmzwr"
*** You are running in headless mode.
1554727909075	addons.webextension.screenshots@mozilla.org	WARN	Loading extension 'screenshots@mozilla.org': Reading manifest: Invalid extension permission: mozillaAddons
1554727909075	addons.webextension.screenshots@mozilla.org	WARN	Loading extension 'screenshots@mozilla.org': Reading manifest: Invalid extension permission: resource://pdf.js/
1554727909075	addons.webextension.screenshots@mozilla.org	WARN	Loading extension 'screenshots@mozilla.org': Reading manifest: Invalid extension permission: about:reader*
1554727910353	Marionette	INFO	Listening on port 36809
1554727910402	Marionette	WARN	TLS certificate errors will be ignored for this session
1554727915085	Marionette	INFO	Stopped listening on port 36809
[Parent 13492, Gecko_IOThread] WARNING: pipe error (73): Connection reset by peer: file /build/firefox-jjM0Oy/firefox-66.0.2+build1/ipc/chromium/src/chrome/common/ipc_channel_posix.cc, line 357
1554728164472	mozrunner::runner	INFO	Running command: "/usr/bin/firefox" "-marionette" "-headless" "-foreground" "-no-remote" "-profile" "/tmp/rust_mozprofile.oZekbbEwt6x5"
*** You are running in headless mode.
1554728164760	addons.webextension.screenshots@mozilla.org	WARN	Loading extension 'screenshots@mozilla.org': Reading manifest: Invalid extension permission: mozillaAddons
1554728164761	addons.webextension.screenshots@mozilla.org	WARN	Loading extension 'screenshots@mozilla.org': Reading manifest: Invalid extension permission: resource://pdf.js/
1554728164761	addons.webextension.screenshots@mozilla.org	WARN	Loading extension 'screenshots@mozilla.org': Reading manifest: Invalid extension permission: about:reader*
1554728166043	Marionette	INFO	Listening on port 35741
1554728166082	Marionette	WARN	TLS certificate errors will be ignored for this session
1554728171182	Marionette	INFO	Stopped listening on port 35741
[Parent 13961, Gecko_IOThread] WARNING: pipe error (73): Connection reset by peer: file /build/firefox-jjM0Oy/firefox-66.0.2+build1/ipc/chromium/src/chrome/common/ipc_channel_posix.cc, line 357
JavaScript error: resource:///modules/ContentMetaHandler.jsm, line 156: NS_ERROR_ILLEGAL_VALUE: 
[Parent 13961, Gecko_IOThread] WARNING: pipe error (104): Connection reset by peer: file /build/firefox-jjM0Oy/firefox-66.0.2+build1/ipc/chromium/src/chrome/common/ipc_channel_posix.cc, line 357
1554728501081	mozrunner::runner	INFO	Running command: "/usr/bin/firefox" "-marionette" "-headless" "-foreground" "-no-remote" "-profile" "/tmp/rust_mozprofile.hDAv234uyE8P"
*** You are running in headless mode.
1554728501375	addons.webextension.screenshots@mozilla.org	WARN	Loading extension 'screenshots@mozilla.org': Reading manifest: Invalid extension permission: mozillaAddons
1554728501375	addons.webextension.screenshots@mozilla.org	WARN	Loading extension 'screenshots@mozilla.org': Reading manifest: Invalid extension permission: resource://pdf.js/
1554728501375	addons.webextension.screenshots@mozilla.org	WARN	Loading extension 'screenshots@mozilla.org': Reading manifest: Invalid extension permission: about:reader*
1554728502648	Marionette	INFO	Listening on port 45629
1554728502693	Marionette	WARN	TLS certificate errors will be ignored for this session
console.error: BroadcastService: 
  receivedBroadcastMessage: handler for
  remote-settings/monitor_changes
  threw error:
  Message: Error: Polling for changes failed: NetworkError when attempting to fetch resource..
  Stack:
    remoteSettingsFunction/remoteSettings.pollChanges@resource://services-settings/remote-settings.js:190:13

1554728531030	mozrunner::runner	INFO	Running command: "/usr/bin/firefox" "-marionette" "-headless" "-foreground" "-no-remote" "-profile" "/tmp/rust_mozprofile.TCpCR7EPpoZC"
*** You are running in headless mode.
1554728531322	addons.webextension.screenshots@mozilla.org	WARN	Loading extension 'screenshots@mozilla.org': Reading manifest: Invalid extension permission: mozillaAddons
1554728531322	addons.webextension.screenshots@mozilla.org	WARN	Loading extension 'screenshots@mozilla.org': Reading manifest: Invalid extension permission: resource://pdf.js/
1554728531322	addons.webextension.screenshots@mozilla.org	WARN	Loading extension 'screenshots@mozilla.org': Reading manifest: Invalid extension permission: about:reader*
1554728532483	Marionette	INFO	Listening on port 45299
1554728532537	Marionette	WARN	TLS certificate errors will be ignored for this session
1554728537012	Marionette	INFO	Stopped listening on port 45299
[Parent 14730, Gecko_IOThread] WARNING: pipe error (73): Connection reset by peer: file /build/firefox-jjM0Oy/firefox-66.0.2+build1/ipc/chromium/src/chrome/common/ipc_channel_posix.cc, line 357
1554729310180	mozrunner::runner	INFO	Running command: "/usr/bin/firefox" "-marionette" "-headless" "-foreground" "-no-remote" "-profile" "/tmp/rust_mozprofile.w2VmEU9yLFlG"
*** You are running in headless mode.
1554729310485	addons.webextension.screenshots@mozilla.org	WARN	Loading extension 'screenshots@mozilla.org': Reading manifest: Invalid extension permission: mozillaAddons
1554729310486	addons.webextension.screenshots@mozilla.org	WARN	Loading extension 'screenshots@mozilla.org': Reading manifest: Invalid extension permission: resource://pdf.js/
1554729310486	addons.webextension.screenshots@mozilla.org	WARN	Loading extension 'screenshots@mozilla.org': Reading manifest: Invalid extension permission: about:reader*
1554729311769	Marionette	INFO	Listening on port 39187
1554729311791	Marionette	WARN	TLS certificate errors will be ignored for this session
console.error: BroadcastService: 
  receivedBroadcastMessage: handler for
  remote-settings/monitor_changes
  threw error:
  Message: Error: Polling for changes failed: NetworkError when attempting to fetch resource..
  Stack:
    remoteSettingsFunction/remoteSettings.pollChanges@resource://services-settings/remote-settings.js:190:13

1554729463164	mozrunner::runner	INFO	Running command: "/usr/bin/firefox" "-marionette" "-headless" "-foreground" "-no-remote" "-profile" "/tmp/rust_mozprofile.AWvcqZrucM0P"
*** You are running in headless mode.
1554729463451	addons.webextension.screenshots@mozilla.org	WARN	Loading extension 'screenshots@mozilla.org': Reading manifest: Invalid extension permission: mozillaAddons
1554729463451	addons.webextension.screenshots@mozilla.org	WARN	Loading extension 'screenshots@mozilla.org': Reading manifest: Invalid extension permission: resource://pdf.js/
1554729463452	addons.webextension.screenshots@mozilla.org	WARN	Loading extension 'screenshots@mozilla.org': Reading manifest: Invalid extension permission: about:reader*
1554729464597	Marionette	INFO	Listening on port 44761
1554729464676	Marionette	WARN	TLS certificate errors will be ignored for this session
console.error: BroadcastService: 
  receivedBroadcastMessage: handler for
  remote-settings/monitor_changes
  threw error:
  Message: Error: Polling for changes failed: NetworkError when attempting to fetch resource..
  Stack:
    remoteSettingsFunction/remoteSettings.pollChanges@resource://services-settings/remote-settings.js:190:13

1554729511820	mozrunner::runner	INFO	Running command: "/usr/bin/firefox" "-marionette" "-headless" "-foreground" "-no-remote" "-profile" "/tmp/rust_mozprofile.W2S9Ra2nS3qH"
*** You are running in headless mode.
1554729512105	addons.webextension.screenshots@mozilla.org	WARN	Loading extension 'screenshots@mozilla.org': Reading manifest: Invalid extension permission: mozillaAddons
1554729512106	addons.webextension.screenshots@mozilla.org	WARN	Loading extension 'screenshots@mozilla.org': Reading manifest: Invalid extension permission: resource://pdf.js/
1554729512106	addons.webextension.screenshots@mozilla.org	WARN	Loading extension 'screenshots@mozilla.org': Reading manifest: Invalid extension permission: about:reader*
1554729513294	Marionette	INFO	Listening on port 36033
1554729513326	Marionette	WARN	TLS certificate errors will be ignored for this session
1554729533573	mozrunner::runner	INFO	Running command: "/usr/bin/firefox" "-marionette" "-headless" "-foreground" "-no-remote" "-profile" "/tmp/rust_mozprofile.TQdERoMjOCPZ"
*** You are running in headless mode.
1554729533865	addons.webextension.screenshots@mozilla.org	WARN	Loading extension 'screenshots@mozilla.org': Reading manifest: Invalid extension permission: mozillaAddons
1554729533865	addons.webextension.screenshots@mozilla.org	WARN	Loading extension 'screenshots@mozilla.org': Reading manifest: Invalid extension permission: resource://pdf.js/
1554729533865	addons.webextension.screenshots@mozilla.org	WARN	Loading extension 'screenshots@mozilla.org': Reading manifest: Invalid extension permission: about:reader*
console.error: BroadcastService: 
  receivedBroadcastMessage: handler for
  remote-settings/monitor_changes
  threw error:
  Message: Error: Polling for changes failed: NetworkError when attempting to fetch resource..
  Stack:
    remoteSettingsFunction/remoteSettings.pollChanges@resource://services-settings/remote-settings.js:190:13

1554729535015	Marionette	INFO	Listening on port 38267
1554729535082	Marionette	WARN	TLS certificate errors will be ignored for this session
console.error: BroadcastService: 
  receivedBroadcastMessage: handler for
  remote-settings/monitor_changes
  threw error:
  Message: Error: Polling for changes failed: NetworkError when attempting to fetch resource..
  Stack:
    remoteSettingsFunction/remoteSettings.pollChanges@resource://services-settings/remote-settings.js:190:13

1554729570993	mozrunner::runner	INFO	Running command: "/usr/bin/firefox" "-marionette" "-headless" "-foreground" "-no-remote" "-profile" "/tmp/rust_mozprofile.sy2HhCI4VWHg"
*** You are running in headless mode.
1554729571280	addons.webextension.screenshots@mozilla.org	WARN	Loading extension 'screenshots@mozilla.org': Reading manifest: Invalid extension permission: mozillaAddons
1554729571280	addons.webextension.screenshots@mozilla.org	WARN	Loading extension 'screenshots@mozilla.org': Reading manifest: Invalid extension permission: resource://pdf.js/
1554729571280	addons.webextension.screenshots@mozilla.org	WARN	Loading extension 'screenshots@mozilla.org': Reading manifest: Invalid extension permission: about:reader*
1554729572620	Marionette	INFO	Listening on port 33709
1554729572701	Marionette	WARN	TLS certificate errors will be ignored for this session
[GFX1-]: Receive IPC close with reason=AbnormalShutdown
Exiting due to channel error.
Exiting due to channel error.
[Child 17237, Chrome_ChildThread] WARNING: pipe error (3): Connection reset by peer: file /build/firefox-jjM0Oy/firefox-66.0.2+build1/ipc/chromium/src/chrome/common/ipc_channel_posix.cc, line 357
Exiting due to channel error.
1554729711432	mozrunner::runner	INFO	Running command: "/usr/bin/firefox" "-marionette" "-headless" "-foreground" "-no-remote" "-profile" "/tmp/rust_mozprofile.hdNYxQW8gPS8"
*** You are running in headless mode.
1554729711723	addons.webextension.screenshots@mozilla.org	WARN	Loading extension 'screenshots@mozilla.org': Reading manifest: Invalid extension permission: mozillaAddons
1554729711723	addons.webextension.screenshots@mozilla.org	WARN	Loading extension 'screenshots@mozilla.org': Reading manifest: Invalid extension permission: resource://pdf.js/
1554729711723	addons.webextension.screenshots@mozilla.org	WARN	Loading extension 'screenshots@mozilla.org': Reading manifest: Invalid extension permission: about:reader*
1554729712981	Marionette	INFO	Listening on port 37131
1554729713053	Marionette	WARN	TLS certificate errors will be ignored for this session
console.error: BroadcastService: 
  receivedBroadcastMessage: handler for
  remote-settings/monitor_changes
  threw error:
  Message: Error: Polling for changes failed: NetworkError when attempting to fetch resource..
  Stack:
    remoteSettingsFunction/remoteSettings.pollChanges@resource://services-settings/remote-settings.js:190:13

Exiting due to channel error.
Exiting due to channel error.
Exiting due to channel error.
1554729928229	mozrunner::runner	INFO	Running command: "/usr/bin/firefox" "-marionette" "-headless" "-foreground" "-no-remote" "-profile" "/tmp/rust_mozprofile.fXeCtT9J65hb"
*** You are running in headless mode.
1554729928534	addons.webextension.screenshots@mozilla.org	WARN	Loading extension 'screenshots@mozilla.org': Reading manifest: Invalid extension permission: mozillaAddons
1554729928534	addons.webextension.screenshots@mozilla.org	WARN	Loading extension 'screenshots@mozilla.org': Reading manifest: Invalid extension permission: resource://pdf.js/
1554729928534	addons.webextension.screenshots@mozilla.org	WARN	Loading extension 'screenshots@mozilla.org': Reading manifest: Invalid extension permission: about:reader*
1554729929853	Marionette	INFO	Listening on port 40507
1554729929934	Marionette	WARN	TLS certificate errors will be ignored for this session
console.error: BroadcastService: 
  receivedBroadcastMessage: handler for
  remote-settings/monitor_changes
  threw error:
  Message: Error: Polling for changes failed: NetworkError when attempting to fetch resource..
  Stack:
    remoteSettingsFunction/remoteSettings.pollChanges@resource://services-settings/remote-settings.js:190:13

Exiting due to channel error.
Exiting due to channel error.
Exiting due to channel error.
1554730028663	mozrunner::runner	INFO	Running command: "/usr/bin/firefox" "-marionette" "-headless" "-foreground" "-no-remote" "-profile" "/tmp/rust_mozprofile.EqnxiCcLRk7m"
*** You are running in headless mode.
1554730028976	addons.webextension.screenshots@mozilla.org	WARN	Loading extension 'screenshots@mozilla.org': Reading manifest: Invalid extension permission: mozillaAddons
1554730028977	addons.webextension.screenshots@mozilla.org	WARN	Loading extension 'screenshots@mozilla.org': Reading manifest: Invalid extension permission: resource://pdf.js/
1554730028977	addons.webextension.screenshots@mozilla.org	WARN	Loading extension 'screenshots@mozilla.org': Reading manifest: Invalid extension permission: about:reader*
1554730030247	Marionette	INFO	Listening on port 34843
1554730030283	Marionette	WARN	TLS certificate errors will be ignored for this session
console.error: BroadcastService: 
  receivedBroadcastMessage: handler for
  remote-settings/monitor_changes
  threw error:
  Message: Error: Polling for changes failed: NetworkError when attempting to fetch resource..
  Stack:
    remoteSettingsFunction/remoteSettings.pollChanges@resource://services-settings/remote-settings.js:190:13

JavaScript error: https://tpc.googlesyndication.com/sodar/Enqz_20U.html, line 35: NS_ERROR_NOT_INITIALIZED: 
JavaScript error: https://tpc.googlesyndication.com/sodar/Enqz_20U.html, line 35: NS_ERROR_NOT_INITIALIZED: 
JavaScript error: https://tpc.googlesyndication.com/sodar/Enqz_20U.html, line 35: NS_ERROR_NOT_INITIALIZED: 
JavaScript error: https://tpc.googlesyndication.com/sodar/Enqz_20U.html, line 35: NS_ERROR_NOT_INITIALIZED: 
JavaScript error: https://tpc.googlesyndication.com/sodar/Enqz_20U.html, line 35: NS_ERROR_NOT_INITIALIZED: 
JavaScript error: https://tpc.googlesyndication.com/sodar/Enqz_20U.html, line 35: NS_ERROR_NOT_INITIALIZED: 
JavaScript error: https://tpc.googlesyndication.com/sodar/Enqz_20U.html, line 35: NS_ERROR_NOT_INITIALIZED: 
JavaScript error: https://tpc.googlesyndication.com/sodar/Enqz_20U.html, line 35: NS_ERROR_NOT_INITIALIZED: 
JavaScript error: https://tpc.googlesyndication.com/sodar/Enqz_20U.html, line 35: NS_ERROR_NOT_INITIALIZED: 
JavaScript error: https://tpc.googlesyndication.com/sodar/Enqz_20U.html, line 35: NS_ERROR_NOT_INITIALIZED: 
JavaScript error: https://tpc.googlesyndication.com/sodar/Enqz_20U.html, line 35: NS_ERROR_NOT_INITIALIZED: 
JavaScript error: https://tpc.googlesyndication.com/sodar/Enqz_20U.html, line 35: NS_ERROR_NOT_INITIALIZED: 
JavaScript error: https://tpc.googlesyndication.com/sodar/Enqz_20U.html, line 35: NS_ERROR_NOT_INITIALIZED: 
JavaScript error: https://tpc.googlesyndication.com/sodar/Enqz_20U.html, line 35: NS_ERROR_NOT_INITIALIZED: 
JavaScript error: https://tpc.googlesyndication.com/sodar/Enqz_20U.html, line 35: NS_ERROR_NOT_INITIALIZED: 
Exiting due to channel error.

###!!! [Child][MessageChannel] Error: (msgtype=0x240016,name=PCameras::Msg_AllDone) Channel error: cannot send/recv

Exiting due to channel error.
Exiting due to channel error.
